<?xml version="1.0" encoding="UTF-8"?>
<!-- Generated by org.testng.reporters.JUnitReportReporter -->
<testsuite hostname="PC20167" name="pageobject.exercise.AmazonSeleniumTest" tests="11" failures="0" timestamp="4 Dec 2013 17:34:51 GMT" time="119.441" errors="1">
  <testcase name="testSignInPage" time="8.549" classname="pageobject.exercise.AmazonSeleniumTest"/>
  <testcase name="testLogIn" time="11.739" classname="pageobject.exercise.AmazonSeleniumTest"/>
  <testcase name="testSearch" time="15.599" classname="pageobject.exercise.AmazonSeleniumTest"/>
  <testcase name="testAddToCartSignInPrompt" time="15.669" classname="pageobject.exercise.AmazonSeleniumTest"/>
  <testcase name="testResizeBrowser" time="6.898" classname="pageobject.exercise.AmazonSeleniumTest"/>
  <testcase name="testCartCount" time="6.770" classname="pageobject.exercise.AmazonSeleniumTest"/>
  <testcase name="testDailyDealsCartButton" time="8.591" classname="pageobject.exercise.AmazonSeleniumTest">
    <error type="java.lang.AssertionError" message="expected:&lt;Add to cart&gt; but was:&lt;null&gt;">
      <![CDATA[java.lang.AssertionError: expected:<Add to cart> but was:<null>
	at org.junit.Assert.fail(Assert.java:88)
	at org.junit.Assert.failNotEquals(Assert.java:743)
	at org.junit.Assert.assertEquals(Assert.java:118)
	at org.junit.Assert.assertEquals(Assert.java:144)
	at pageobject.exercise.AmazonSeleniumTest.testDailyDealsCartButton(AmazonSeleniumTest.java:176)
	at sun.reflect.NativeMethodAccessorImpl.invoke0(Native Method)
	at sun.reflect.NativeMethodAccessorImpl.invoke(NativeMethodAccessorImpl.java:57)
	at sun.reflect.DelegatingMethodAccessorImpl.invoke(DelegatingMethodAccessorImpl.java:43)
	at java.lang.reflect.Method.invoke(Method.java:601)
	at org.testng.internal.MethodInvocationHelper.invokeMethod(MethodInvocationHelper.java:80)
	at org.testng.internal.Invoker.invokeMethod(Invoker.java:673)
	at org.testng.internal.Invoker.invokeTestMethod(Invoker.java:842)
	at org.testng.internal.Invoker.invokeTestMethods(Invoker.java:1166)
	at org.testng.internal.TestMethodWorker.invokeTestMethods(TestMethodWorker.java:125)
	at org.testng.internal.TestMethodWorker.run(TestMethodWorker.java:109)
	at org.testng.TestRunner.runWorkers(TestRunner.java:1178)
	at org.testng.TestRunner.privateRun(TestRunner.java:757)
	at org.testng.TestRunner.run(TestRunner.java:608)
	at org.testng.SuiteRunner.runTest(SuiteRunner.java:334)
	at org.testng.SuiteRunner.runSequentially(SuiteRunner.java:329)
	at org.testng.SuiteRunner.privateRun(SuiteRunner.java:291)
	at org.testng.SuiteRunner.run(SuiteRunner.java:240)
	at org.testng.SuiteRunnerWorker.runSuite(SuiteRunnerWorker.java:52)
	at org.testng.SuiteRunnerWorker.run(SuiteRunnerWorker.java:86)
	at org.testng.TestNG.runSuitesSequentially(TestNG.java:1158)
	at org.testng.TestNG.runSuitesLocally(TestNG.java:1083)
	at org.testng.TestNG.run(TestNG.java:999)
	at org.apache.maven.surefire.testng.TestNGExecutor.run(TestNGExecutor.java:61)
	at org.apache.maven.surefire.testng.TestNGDirectoryTestSuite.execute(TestNGDirectoryTestSuite.java:144)
	at org.apache.maven.surefire.Surefire.run(Surefire.java:169)
	at sun.reflect.NativeMethodAccessorImpl.invoke0(Native Method)
	at sun.reflect.NativeMethodAccessorImpl.invoke(NativeMethodAccessorImpl.java:57)
	at sun.reflect.DelegatingMethodAccessorImpl.invoke(DelegatingMethodAccessorImpl.java:43)
	at java.lang.reflect.Method.invoke(Method.java:601)
	at org.apache.maven.surefire.booter.SurefireBooter.runSuitesInProcess(SurefireBooter.java:350)
	at org.apache.maven.surefire.booter.SurefireBooter.main(SurefireBooter.java:1021)
]]>
    </error>
  </testcase>
  <testcase name="testSignUp" time="7.287" classname="pageobject.exercise.AmazonSeleniumTest"/>
  <testcase name="testRegistration" time="7.083" classname="pageobject.exercise.AmazonSeleniumTest"/>
  <testcase name="testDailyDeals" time="11.808" classname="pageobject.exercise.AmazonSeleniumTest"/>
  <testcase name="getSearchResultsAndReviews" time="19.448" classname="pageobject.exercise.AmazonSeleniumTest"/>
</testsuite>
