<?xml version="1.0" encoding="UTF-8"?>
<testng-results skipped="0" failed="1" total="11" passed="10">
  <reporter-output>
  </reporter-output>
  <suite name="Command line suite" duration-ms="126012" started-at="2013-12-04T09:32:45Z" finished-at="2013-12-04T09:34:51Z">
    <groups>
    </groups>
    <test name="Command line test" duration-ms="126012" started-at="2013-12-04T09:32:45Z" finished-at="2013-12-04T09:34:51Z">
      <class name="pageobject.exercise.AmazonSeleniumTest">
        <test-method status="PASS" signature="initializeClass()" name="initializeClass" is-config="true" duration-ms="6527" started-at="2013-12-04T09:32:45Z" finished-at="2013-12-04T09:32:51Z">
        </test-method>
        <test-method status="PASS" signature="getSearchResultsAndReviews()" name="getSearchResultsAndReviews" duration-ms="19448" started-at="2013-12-04T09:32:51Z" finished-at="2013-12-04T09:33:11Z">
        </test-method>
        <test-method status="PASS" signature="testAddToCartSignInPrompt()" name="testAddToCartSignInPrompt" duration-ms="15669" started-at="2013-12-04T09:33:11Z" finished-at="2013-12-04T09:33:27Z">
        </test-method>
        <test-method status="PASS" signature="testCartCount()" name="testCartCount" duration-ms="6770" started-at="2013-12-04T09:33:27Z" finished-at="2013-12-04T09:33:33Z">
        </test-method>
        <test-method status="PASS" signature="testDailyDeals()" name="testDailyDeals" duration-ms="11808" started-at="2013-12-04T09:33:33Z" finished-at="2013-12-04T09:33:45Z">
        </test-method>
        <test-method status="FAIL" signature="testDailyDealsCartButton()" name="testDailyDealsCartButton" duration-ms="8591" started-at="2013-12-04T09:33:45Z" finished-at="2013-12-04T09:33:54Z">
          <exception class="java.lang.AssertionError">
            <message>
              <![CDATA[expected:<Add to cart> but was:<null>]]>
            </message>
            <full-stacktrace>
              <![CDATA[java.lang.AssertionError: expected:<Add to cart> but was:<null>
	at org.junit.Assert.fail(Assert.java:88)
	at org.junit.Assert.failNotEquals(Assert.java:743)
	at org.junit.Assert.assertEquals(Assert.java:118)
	at org.junit.Assert.assertEquals(Assert.java:144)
	at pageobject.exercise.AmazonSeleniumTest.testDailyDealsCartButton(AmazonSeleniumTest.java:176)
	at sun.reflect.NativeMethodAccessorImpl.invoke0(Native Method)
	at sun.reflect.NativeMethodAccessorImpl.invoke(NativeMethodAccessorImpl.java:57)
	at sun.reflect.DelegatingMethodAccessorImpl.invoke(DelegatingMethodAccessorImpl.java:43)
	at java.lang.reflect.Method.invoke(Method.java:601)
	at org.testng.internal.MethodInvocationHelper.invokeMethod(MethodInvocationHelper.java:80)
	at org.testng.internal.Invoker.invokeMethod(Invoker.java:673)
	at org.testng.internal.Invoker.invokeTestMethod(Invoker.java:842)
	at org.testng.internal.Invoker.invokeTestMethods(Invoker.java:1166)
	at org.testng.internal.TestMethodWorker.invokeTestMethods(TestMethodWorker.java:125)
	at org.testng.internal.TestMethodWorker.run(TestMethodWorker.java:109)
	at org.testng.TestRunner.runWorkers(TestRunner.java:1178)
	at org.testng.TestRunner.privateRun(TestRunner.java:757)
	at org.testng.TestRunner.run(TestRunner.java:608)
	at org.testng.SuiteRunner.runTest(SuiteRunner.java:334)
	at org.testng.SuiteRunner.runSequentially(SuiteRunner.java:329)
	at org.testng.SuiteRunner.privateRun(SuiteRunner.java:291)
	at org.testng.SuiteRunner.run(SuiteRunner.java:240)
	at org.testng.SuiteRunnerWorker.runSuite(SuiteRunnerWorker.java:52)
	at org.testng.SuiteRunnerWorker.run(SuiteRunnerWorker.java:86)
	at org.testng.TestNG.runSuitesSequentially(TestNG.java:1158)
	at org.testng.TestNG.runSuitesLocally(TestNG.java:1083)
	at org.testng.TestNG.run(TestNG.java:999)
	at org.apache.maven.surefire.testng.TestNGExecutor.run(TestNGExecutor.java:61)
	at org.apache.maven.surefire.testng.TestNGDirectoryTestSuite.execute(TestNGDirectoryTestSuite.java:144)
	at org.apache.maven.surefire.Surefire.run(Surefire.java:169)
	at sun.reflect.NativeMethodAccessorImpl.invoke0(Native Method)
	at sun.reflect.NativeMethodAccessorImpl.invoke(NativeMethodAccessorImpl.java:57)
	at sun.reflect.DelegatingMethodAccessorImpl.invoke(DelegatingMethodAccessorImpl.java:43)
	at java.lang.reflect.Method.invoke(Method.java:601)
	at org.apache.maven.surefire.booter.SurefireBooter.runSuitesInProcess(SurefireBooter.java:350)
	at org.apache.maven.surefire.booter.SurefireBooter.main(SurefireBooter.java:1021)
]]>
            </full-stacktrace>
          </exception>
        </test-method>
        <test-method status="PASS" signature="testLogIn()" name="testLogIn" duration-ms="11739" started-at="2013-12-04T09:33:54Z" finished-at="2013-12-04T09:34:05Z">
        </test-method>
        <test-method status="PASS" signature="testRegistration()" name="testRegistration" duration-ms="7083" started-at="2013-12-04T09:34:05Z" finished-at="2013-12-04T09:34:13Z">
        </test-method>
        <test-method status="PASS" signature="testResizeBrowser()" name="testResizeBrowser" duration-ms="6898" started-at="2013-12-04T09:34:13Z" finished-at="2013-12-04T09:34:19Z">
        </test-method>
        <test-method status="PASS" signature="testSearch()" name="testSearch" duration-ms="15599" started-at="2013-12-04T09:34:19Z" finished-at="2013-12-04T09:34:35Z">
        </test-method>
        <test-method status="PASS" signature="testSignInPage()" name="testSignInPage" duration-ms="8549" started-at="2013-12-04T09:34:35Z" finished-at="2013-12-04T09:34:44Z">
        </test-method>
        <test-method status="PASS" signature="testSignUp()" name="testSignUp" duration-ms="7287" started-at="2013-12-04T09:34:44Z" finished-at="2013-12-04T09:34:51Z">
        </test-method>
      </class>
    </test>
  </suite>
</testng-results>
